Release 14.7 - xst P.20131013 (nt64)
Copyright (c) 1995-2013 Xilinx, Inc.  All rights reserved.
--> Parameter TMPDIR set to xst/projnav.tmp


Total REAL time to Xst completion: 0.00 secs
Total CPU time to Xst completion: 0.21 secs
 
--> Parameter xsthdpdir set to xst


Total REAL time to Xst completion: 0.00 secs
Total CPU time to Xst completion: 0.22 secs
 
--> Reading design: ALU.prj

TABLE OF CONTENTS
  1) Synthesis Options Summary
  2) HDL Compilation
  3) Design Hierarchy Analysis
  4) HDL Analysis
  5) HDL Synthesis
     5.1) HDL Synthesis Report
  6) Advanced HDL Synthesis
     6.1) Advanced HDL Synthesis Report
  7) Low Level Synthesis
  8) Partition Report
  9) Final Report
	9.1) Device utilization summary
	9.2) Partition Resource Summary
	9.3) TIMING REPORT


=========================================================================
*                      Synthesis Options Summary                        *
=========================================================================
---- Source Parameters
Input File Name                    : "ALU.prj"
Input Format                       : mixed
Ignore Synthesis Constraint File   : NO

---- Target Parameters
Output File Name                   : "ALU"
Output Format                      : NGC
Target Device                      : xc3s500e-4-fg320

---- Source Options
Top Module Name                    : ALU
Automatic FSM Extraction           : YES
FSM Encoding Algorithm             : Auto
Safe Implementation                : No
FSM Style                          : LUT
RAM Extraction                     : Yes
RAM Style                          : Auto
ROM Extraction                     : Yes
Mux Style                          : Auto
Decoder Extraction                 : YES
Priority Encoder Extraction        : Yes
Shift Register Extraction          : YES
Logical Shifter Extraction         : YES
XOR Collapsing                     : YES
ROM Style                          : Auto
Mux Extraction                     : Yes
Resource Sharing                   : YES
Asynchronous To Synchronous        : NO
Multiplier Style                   : Auto
Automatic Register Balancing       : No

---- Target Options
Add IO Buffers                     : YES
Global Maximum Fanout              : 500
Add Generic Clock Buffer(BUFG)     : 24
Register Duplication               : YES
Slice Packing                      : YES
Optimize Instantiated Primitives   : NO
Use Clock Enable                   : Yes
Use Synchronous Set                : Yes
Use Synchronous Reset              : Yes
Pack IO Registers into IOBs        : Auto
Equivalent register Removal        : YES

---- General Options
Optimization Goal                  : Speed
Optimization Effort                : 1
Keep Hierarchy                     : No
Netlist Hierarchy                  : As_Optimized
RTL Output                         : Yes
Global Optimization                : AllClockNets
Read Cores                         : YES
Write Timing Constraints           : NO
Cross Clock Analysis               : NO
Hierarchy Separator                : /
Bus Delimiter                      : <>
Case Specifier                     : Maintain
Slice Utilization Ratio            : 100
BRAM Utilization Ratio             : 100
Verilog 2001                       : YES
Auto BRAM Packing                  : NO
Slice Utilization Ratio Delta      : 5

=========================================================================


=========================================================================
*                          HDL Compilation                              *
=========================================================================
Compiling vhdl file "C:/Users/fran/Desktop/Proyecto Alu/Proyecto Alu/ALU/SumadorMedio.vhd" in Library work.
Architecture behavioral of Entity sumador_medio is up to date.
Compiling vhdl file "C:/Users/fran/Desktop/Proyecto Alu/Proyecto Alu/ALU/SumadorCompleto.vhd" in Library work.
Architecture behavioral of Entity sumador_completo is up to date.
Compiling vhdl file "C:/Users/fran/Desktop/Proyecto Alu/Proyecto Alu/ALU/Sumador8bits.vhd" in Library work.
Architecture behavioral of Entity sumador8bits is up to date.
Compiling vhdl file "C:/Users/fran/Desktop/Proyecto Alu/Proyecto Alu/ALU/Multiplexor2a1_1bit.vhd" in Library work.
Architecture behavioral of Entity multiplexor2a1_1bit is up to date.
Compiling vhdl file "C:/Users/fran/Desktop/Proyecto Alu/Proyecto Alu/ALU/Ca2.vhd" in Library work.
Architecture behavioral of Entity ca2 is up to date.
Compiling vhdl file "C:/Users/fran/Desktop/Proyecto Alu/Proyecto Alu/ALU/Comparador1bit.vhd" in Library work.
Architecture behavioral of Entity comparador1bit is up to date.
Compiling vhdl file "C:/Users/fran/Desktop/Proyecto Alu/Proyecto Alu/ALU/Multiplexor2a1_8bits.vhd" in Library work.
Architecture behavioral of Entity multiplexor2a1_8bits is up to date.
Compiling vhdl file "C:/Users/fran/Desktop/Proyecto Alu/Proyecto Alu/ALU/OR1.vhd" in Library work.
Architecture behavioral of Entity or1 is up to date.
Compiling vhdl file "C:/Users/fran/Desktop/Proyecto Alu/Proyecto Alu/ALU/AND1.vhd" in Library work.
Architecture behavioral of Entity and1 is up to date.
Compiling vhdl file "C:/Users/fran/Desktop/Proyecto Alu/Proyecto Alu/ALU/Comparador8bits.vhd" in Library work.
Entity <comparador8bits> compiled.
Entity <comparador8bits> (Architecture <behavioral>) compiled.
Compiling vhdl file "C:/Users/fran/Desktop/Proyecto Alu/Proyecto Alu/ALU/SSL.vhd" in Library work.
Architecture behavioral of Entity ssl is up to date.
Compiling vhdl file "C:/Users/fran/Desktop/Proyecto Alu/Proyecto Alu/ALU/SSR.vhd" in Library work.
Architecture behavioral of Entity ssr is up to date.
Compiling vhdl file "C:/Users/fran/Desktop/Proyecto Alu/Proyecto Alu/ALU/Restador8bits.vhd" in Library work.
Architecture behavioral of Entity restador8bits is up to date.
Compiling vhdl file "C:/Users/fran/Desktop/Proyecto Alu/Proyecto Alu/ALU/ALU.vhd" in Library work.
Entity <alu> compiled.
Entity <alu> (Architecture <behavioral>) compiled.

=========================================================================
*                     Design Hierarchy Analysis                         *
=========================================================================
Analyzing hierarchy for entity <ALU> in library <work> (architecture <behavioral>).

Analyzing hierarchy for entity <OR1> in library <work> (architecture <behavioral>).

Analyzing hierarchy for entity <AND1> in library <work> (architecture <behavioral>).

Analyzing hierarchy for entity <Comparador8bits> in library <work> (architecture <behavioral>).

Analyzing hierarchy for entity <SSL> in library <work> (architecture <behavioral>).

Analyzing hierarchy for entity <SSR> in library <work> (architecture <behavioral>).

Analyzing hierarchy for entity <Sumador8bits> in library <work> (architecture <behavioral>).

Analyzing hierarchy for entity <Restador8bits> in library <work> (architecture <behavioral>).

Analyzing hierarchy for entity <Multiplexor2a1_8bits> in library <work> (architecture <behavioral>).

Analyzing hierarchy for entity <Multiplexor2a1_1bit> in library <work> (architecture <behavioral>).

Analyzing hierarchy for entity <Comparador1bit> in library <work> (architecture <behavioral>).

Analyzing hierarchy for entity <Sumador_Medio> in library <work> (architecture <behavioral>).

Analyzing hierarchy for entity <Sumador_Completo> in library <work> (architecture <behavioral>).

Analyzing hierarchy for entity <Ca2> in library <work> (architecture <behavioral>).

Analyzing hierarchy for entity <Sumador8bits> in library <work> (architecture <behavioral>).

Analyzing hierarchy for entity <Sumador_Medio> in library <work> (architecture <behavioral>).

Analyzing hierarchy for entity <Sumador_Completo> in library <work> (architecture <behavioral>).


=========================================================================
*                            HDL Analysis                               *
=========================================================================
Analyzing Entity <ALU> in library <work> (Architecture <behavioral>).
WARNING:Xst:753 - "C:/Users/fran/Desktop/Proyecto Alu/Proyecto Alu/ALU/ALU.vhd" line 150: Unconnected output port 'Bigger' of component 'Comparador8bits'.
WARNING:Xst:753 - "C:/Users/fran/Desktop/Proyecto Alu/Proyecto Alu/ALU/ALU.vhd" line 150: Unconnected output port 'Equal' of component 'Comparador8bits'.
Entity <ALU> analyzed. Unit <ALU> generated.

Analyzing Entity <OR1> in library <work> (Architecture <behavioral>).
Entity <OR1> analyzed. Unit <OR1> generated.

Analyzing Entity <AND1> in library <work> (Architecture <behavioral>).
Entity <AND1> analyzed. Unit <AND1> generated.

Analyzing Entity <Comparador8bits> in library <work> (Architecture <behavioral>).
Entity <Comparador8bits> analyzed. Unit <Comparador8bits> generated.

Analyzing Entity <Comparador1bit> in library <work> (Architecture <behavioral>).
Entity <Comparador1bit> analyzed. Unit <Comparador1bit> generated.

Analyzing Entity <SSL> in library <work> (Architecture <behavioral>).
Entity <SSL> analyzed. Unit <SSL> generated.

Analyzing Entity <SSR> in library <work> (Architecture <behavioral>).
Entity <SSR> analyzed. Unit <SSR> generated.

Analyzing Entity <Sumador8bits> in library <work> (Architecture <behavioral>).
Entity <Sumador8bits> analyzed. Unit <Sumador8bits> generated.

Analyzing Entity <Sumador_Medio> in library <work> (Architecture <behavioral>).
Entity <Sumador_Medio> analyzed. Unit <Sumador_Medio> generated.

Analyzing Entity <Sumador_Completo> in library <work> (Architecture <behavioral>).
Entity <Sumador_Completo> analyzed. Unit <Sumador_Completo> generated.

Analyzing Entity <Restador8bits> in library <work> (Architecture <behavioral>).
Entity <Restador8bits> analyzed. Unit <Restador8bits> generated.

Analyzing Entity <Ca2> in library <work> (Architecture <behavioral>).
WARNING:Xst:753 - "C:/Users/fran/Desktop/Proyecto Alu/Proyecto Alu/ALU/Ca2.vhd" line 50: Unconnected output port 'Cout' of component 'Sumador8bits'.
Entity <Ca2> analyzed. Unit <Ca2> generated.

Analyzing Entity <Multiplexor2a1_8bits> in library <work> (Architecture <behavioral>).
Entity <Multiplexor2a1_8bits> analyzed. Unit <Multiplexor2a1_8bits> generated.

Analyzing Entity <Multiplexor2a1_1bit> in library <work> (Architecture <behavioral>).
Entity <Multiplexor2a1_1bit> analyzed. Unit <Multiplexor2a1_1bit> generated.


=========================================================================
*                           HDL Synthesis                               *
=========================================================================

Performing bidirectional port resolution...

Synthesizing Unit <OR1>.
    Related source file is "C:/Users/fran/Desktop/Proyecto Alu/Proyecto Alu/ALU/OR1.vhd".
Unit <OR1> synthesized.


Synthesizing Unit <AND1>.
    Related source file is "C:/Users/fran/Desktop/Proyecto Alu/Proyecto Alu/ALU/AND1.vhd".
Unit <AND1> synthesized.


Synthesizing Unit <SSL>.
    Related source file is "C:/Users/fran/Desktop/Proyecto Alu/Proyecto Alu/ALU/SSL.vhd".
    Found 8-bit shifter logical left for signal <S$shift0001> created at line 44.
    Summary:
	inferred   1 Combinational logic shifter(s).
Unit <SSL> synthesized.


Synthesizing Unit <SSR>.
    Related source file is "C:/Users/fran/Desktop/Proyecto Alu/Proyecto Alu/ALU/SSR.vhd".
    Found 8-bit shifter logical right for signal <S$shift0001> created at line 44.
    Summary:
	inferred   1 Combinational logic shifter(s).
Unit <SSR> synthesized.


Synthesizing Unit <Multiplexor2a1_1bit>.
    Related source file is "C:/Users/fran/Desktop/Proyecto Alu/Proyecto Alu/ALU/Multiplexor2a1_1bit.vhd".
Unit <Multiplexor2a1_1bit> synthesized.


Synthesizing Unit <Comparador1bit>.
    Related source file is "C:/Users/fran/Desktop/Proyecto Alu/Proyecto Alu/ALU/Comparador1bit.vhd".
    Found 1-bit xor2 for signal <Equal$xor0000>.
Unit <Comparador1bit> synthesized.


Synthesizing Unit <Sumador_Medio>.
    Related source file is "C:/Users/fran/Desktop/Proyecto Alu/Proyecto Alu/ALU/SumadorMedio.vhd".
    Found 1-bit xor2 for signal <S>.
Unit <Sumador_Medio> synthesized.


Synthesizing Unit <Sumador_Completo>.
    Related source file is "C:/Users/fran/Desktop/Proyecto Alu/Proyecto Alu/ALU/SumadorCompleto.vhd".
    Found 1-bit xor2 for signal <S>.
    Found 1-bit xor2 for signal <Cout$xor0000> created at line 45.
Unit <Sumador_Completo> synthesized.


Synthesizing Unit <Sumador8bits>.
    Related source file is "C:/Users/fran/Desktop/Proyecto Alu/Proyecto Alu/ALU/Sumador8bits.vhd".
Unit <Sumador8bits> synthesized.


Synthesizing Unit <Multiplexor2a1_8bits>.
    Related source file is "C:/Users/fran/Desktop/Proyecto Alu/Proyecto Alu/ALU/Multiplexor2a1_8bits.vhd".
Unit <Multiplexor2a1_8bits> synthesized.


Synthesizing Unit <Comparador8bits>.
    Related source file is "C:/Users/fran/Desktop/Proyecto Alu/Proyecto Alu/ALU/Comparador8bits.vhd".
WARNING:Xst:1305 - Output <Bigger> is never assigned. Tied to value 0.
Unit <Comparador8bits> synthesized.


Synthesizing Unit <Ca2>.
    Related source file is "C:/Users/fran/Desktop/Proyecto Alu/Proyecto Alu/ALU/Ca2.vhd".
Unit <Ca2> synthesized.


Synthesizing Unit <Restador8bits>.
    Related source file is "C:/Users/fran/Desktop/Proyecto Alu/Proyecto Alu/ALU/Restador8bits.vhd".
Unit <Restador8bits> synthesized.


Synthesizing Unit <ALU>.
    Related source file is "C:/Users/fran/Desktop/Proyecto Alu/Proyecto Alu/ALU/ALU.vhd".
Unit <ALU> synthesized.


=========================================================================
HDL Synthesis Report

Macro Statistics
# Logic shifters                                       : 2
 8-bit shifter logical left                            : 1
 8-bit shifter logical right                           : 1
# Xors                                                 : 83
 1-bit xor2                                            : 83

=========================================================================

=========================================================================
*                       Advanced HDL Synthesis                          *
=========================================================================

WARNING:Xst:1290 - Hierarchical block <Inst_Multiplexor2a1_1bit1> is unconnected in block <ALU>.
   It will be removed from the design.

=========================================================================
Advanced HDL Synthesis Report

Macro Statistics
# Logic shifters                                       : 2
 8-bit shifter logical left                            : 1
 8-bit shifter logical right                           : 1
# Xors                                                 : 83
 1-bit xor2                                            : 83

=========================================================================

=========================================================================
*                         Low Level Synthesis                           *
=========================================================================

Optimizing unit <ALU> ...

Mapping all equations...
Building and optimizing final netlist ...
Found area constraint ratio of 100 (+ 5) on block ALU, actual ratio is 3.

Final Macro Processing ...

=========================================================================
Final Register Report

Found no macro
=========================================================================

=========================================================================
*                           Partition Report                            *
=========================================================================

Partition Implementation Status
-------------------------------

  No Partitions were found in this design.

-------------------------------

=========================================================================
*                            Final Report                               *
=========================================================================
Final Results
RTL Top Level Output File Name     : ALU.ngr
Top Level Output File Name         : ALU
Output Format                      : NGC
Optimization Goal                  : Speed
Keep Hierarchy                     : No

Design Statistics
# IOs                              : 28

Cell Usage :
# BELS                             : 247
#      GND                         : 1
#      LUT2                        : 12
#      LUT3                        : 55
#      LUT4                        : 146
#      MUXF5                       : 33
# IO Buffers                       : 28
#      IBUF                        : 19
#      OBUF                        : 9
=========================================================================

Device utilization summary:
---------------------------

Selected Device : 3s500efg320-4 

 Number of Slices:                      120  out of   4656     2%  
 Number of 4 input LUTs:                213  out of   9312     2%  
 Number of IOs:                          28
 Number of bonded IOBs:                  28  out of    232    12%  

---------------------------
Partition Resource Summary:
---------------------------

  No Partitions were found in this design.

---------------------------


=========================================================================
TIMING REPORT

NOTE: THESE TIMING NUMBERS ARE ONLY A SYNTHESIS ESTIMATE.
      FOR ACCURATE TIMING INFORMATION PLEASE REFER TO THE TRACE REPORT
      GENERATED AFTER PLACE-and-ROUTE.

Clock Information:
------------------
No clock signals found in this design

Asynchronous Control Signals Information:
----------------------------------------
No asynchronous control signals found in this design

Timing Summary:
---------------
Speed Grade: -4

   Minimum period: No path found
   Minimum input arrival time before clock: No path found
   Maximum output required time after clock: No path found
   Maximum combinational path delay: 18.103ns

Timing Detail:
--------------
All values displayed in nanoseconds (ns)

=========================================================================
Timing constraint: Default path analysis
  Total number of paths / destination ports: 1744 / 9
-------------------------------------------------------------------------
Delay:               18.103ns (Levels of Logic = 13)
  Source:            B<0> (PAD)
  Destination:       S<6> (PAD)

  Data Path: B<0> to S<6>
                                Gate     Net
    Cell:in->out      fanout   Delay   Delay  Logical Name (Net Name)
    ----------------------------------------  ------------
     IBUF:I->O            43   1.218   1.345  B_0_IBUF (B_0_IBUF)
     LUT3:I1->O            1   0.704   0.595  Inst_Restador8bits2/Inst_Sumador8bits/Inst_Sumador_Completo2/Cout32_SW0 (N232)
     LUT4:I0->O            1   0.704   0.424  Inst_Restador8bits2/Inst_Sumador8bits/Inst_Sumador_Completo2/Cout32 (Inst_Restador8bits2/Inst_Sumador8bits/Inst_Sumador_Completo2/Cout32)
     LUT4:I3->O            2   0.704   0.451  Inst_Restador8bits2/Inst_Sumador8bits/Inst_Sumador_Completo2/Cout87 (Inst_Restador8bits2/Inst_Sumador8bits/Z)
     LUT4:I3->O            2   0.704   0.622  Inst_Restador8bits2/Inst_Sumador8bits/Inst_Sumador_Completo3/Cout1 (Inst_Restador8bits2/Inst_Sumador8bits/W)
     LUT4:I0->O            3   0.704   0.535  Inst_Restador8bits2/Inst_Sumador8bits/Inst_Sumador_Completo4/Cout (Inst_Restador8bits2/Inst_Sumador8bits/P)
     LUT4:I3->O            2   0.704   0.526  Inst_Restador8bits2/Inst_Sumador8bits/Inst_Sumador_Completo5/Cout1 (Inst_Restador8bits2/Inst_Sumador8bits/U)
     LUT3:I1->O            1   0.704   0.455  Inst_Multiplexor2a1_8bits7/Inst_Multiplexor2a1_1bit6/S318_SW1 (N314)
     LUT3:I2->O            1   0.704   0.000  Inst_Multiplexor2a1_8bits7/Inst_Multiplexor2a1_1bit6/S332_SW0_G (N361)
     MUXF5:I1->O           1   0.321   0.424  Inst_Multiplexor2a1_8bits7/Inst_Multiplexor2a1_1bit6/S332_SW0 (N254)
     LUT4:I3->O            1   0.704   0.455  Inst_Multiplexor2a1_8bits7/Inst_Multiplexor2a1_1bit6/S332 (Inst_Multiplexor2a1_8bits7/Inst_Multiplexor2a1_1bit6/S332)
     LUT3:I2->O            1   0.704   0.420  Inst_Multiplexor2a1_8bits7/Inst_Multiplexor2a1_1bit6/S355 (S_6_OBUF)
     OBUF:I->O                 3.272          S_6_OBUF (S<6>)
    ----------------------------------------
    Total                     18.103ns (11.851ns logic, 6.252ns route)
                                       (65.5% logic, 34.5% route)

=========================================================================


Total REAL time to Xst completion: 17.00 secs
Total CPU time to Xst completion: 17.03 secs
 
--> 

Total memory usage is 269420 kilobytes

Number of errors   :    0 (   0 filtered)
Number of warnings :    5 (   0 filtered)
Number of infos    :    0 (   0 filtered)

