Release 14.7 - xst P.20131013 (nt64)
Copyright (c) 1995-2013 Xilinx, Inc.  All rights reserved.
--> Parameter TMPDIR set to xst/projnav.tmp


Total REAL time to Xst completion: 0.00 secs
Total CPU time to Xst completion: 0.17 secs
 
--> Parameter xsthdpdir set to xst


Total REAL time to Xst completion: 0.00 secs
Total CPU time to Xst completion: 0.19 secs
 
--> Reading design: Restador8bits.prj

TABLE OF CONTENTS
  1) Synthesis Options Summary
  2) HDL Compilation
  3) Design Hierarchy Analysis
  4) HDL Analysis
  5) HDL Synthesis
     5.1) HDL Synthesis Report
  6) Advanced HDL Synthesis
     6.1) Advanced HDL Synthesis Report
  7) Low Level Synthesis
  8) Partition Report
  9) Final Report
	9.1) Device utilization summary
	9.2) Partition Resource Summary
	9.3) TIMING REPORT


=========================================================================
*                      Synthesis Options Summary                        *
=========================================================================
---- Source Parameters
Input File Name                    : "Restador8bits.prj"
Input Format                       : mixed
Ignore Synthesis Constraint File   : NO

---- Target Parameters
Output File Name                   : "Restador8bits"
Output Format                      : NGC
Target Device                      : xc3s500e-4-fg320

---- Source Options
Top Module Name                    : Restador8bits
Automatic FSM Extraction           : YES
FSM Encoding Algorithm             : Auto
Safe Implementation                : No
FSM Style                          : LUT
RAM Extraction                     : Yes
RAM Style                          : Auto
ROM Extraction                     : Yes
Mux Style                          : Auto
Decoder Extraction                 : YES
Priority Encoder Extraction        : Yes
Shift Register Extraction          : YES
Logical Shifter Extraction         : YES
XOR Collapsing                     : YES
ROM Style                          : Auto
Mux Extraction                     : Yes
Resource Sharing                   : YES
Asynchronous To Synchronous        : NO
Multiplier Style                   : Auto
Automatic Register Balancing       : No

---- Target Options
Add IO Buffers                     : YES
Global Maximum Fanout              : 500
Add Generic Clock Buffer(BUFG)     : 24
Register Duplication               : YES
Slice Packing                      : YES
Optimize Instantiated Primitives   : NO
Use Clock Enable                   : Yes
Use Synchronous Set                : Yes
Use Synchronous Reset              : Yes
Pack IO Registers into IOBs        : Auto
Equivalent register Removal        : YES

---- General Options
Optimization Goal                  : Speed
Optimization Effort                : 1
Keep Hierarchy                     : No
Netlist Hierarchy                  : As_Optimized
RTL Output                         : Yes
Global Optimization                : AllClockNets
Read Cores                         : YES
Write Timing Constraints           : NO
Cross Clock Analysis               : NO
Hierarchy Separator                : /
Bus Delimiter                      : <>
Case Specifier                     : Maintain
Slice Utilization Ratio            : 100
BRAM Utilization Ratio             : 100
Verilog 2001                       : YES
Auto BRAM Packing                  : NO
Slice Utilization Ratio Delta      : 5

=========================================================================


=========================================================================
*                          HDL Compilation                              *
=========================================================================
Compiling vhdl file "C:/Users/fran/Desktop/Proyecto Alu/Proyecto Alu/ALU/SumadorMedio.vhd" in Library work.
Architecture behavioral of Entity sumador_medio is up to date.
Compiling vhdl file "C:/Users/fran/Desktop/Proyecto Alu/Proyecto Alu/ALU/SumadorCompleto.vhd" in Library work.
Architecture behavioral of Entity sumador_completo is up to date.
Compiling vhdl file "C:/Users/fran/Desktop/Proyecto Alu/Proyecto Alu/ALU/Sumador8bits.vhd" in Library work.
Architecture behavioral of Entity sumador8bits is up to date.
Compiling vhdl file "C:/Users/fran/Desktop/Proyecto Alu/Proyecto Alu/ALU/Ca2.vhd" in Library work.
Architecture behavioral of Entity ca2 is up to date.
Compiling vhdl file "C:/Users/fran/Desktop/Proyecto Alu/Proyecto Alu/ALU/Restador8bits.vhd" in Library work.
Architecture behavioral of Entity restador8bits is up to date.

=========================================================================
*                     Design Hierarchy Analysis                         *
=========================================================================
Analyzing hierarchy for entity <Restador8bits> in library <work> (architecture <behavioral>).

Analyzing hierarchy for entity <Ca2> in library <work> (architecture <behavioral>).

Analyzing hierarchy for entity <Sumador8bits> in library <work> (architecture <behavioral>).

Analyzing hierarchy for entity <Sumador_Medio> in library <work> (architecture <behavioral>).

Analyzing hierarchy for entity <Sumador_Completo> in library <work> (architecture <behavioral>).


=========================================================================
*                            HDL Analysis                               *
=========================================================================
Analyzing Entity <Restador8bits> in library <work> (Architecture <behavioral>).
Entity <Restador8bits> analyzed. Unit <Restador8bits> generated.

Analyzing Entity <Ca2> in library <work> (Architecture <behavioral>).
WARNING:Xst:753 - "C:/Users/fran/Desktop/Proyecto Alu/Proyecto Alu/ALU/Ca2.vhd" line 50: Unconnected output port 'Cout' of component 'Sumador8bits'.
Entity <Ca2> analyzed. Unit <Ca2> generated.

Analyzing Entity <Sumador8bits> in library <work> (Architecture <behavioral>).
Entity <Sumador8bits> analyzed. Unit <Sumador8bits> generated.

Analyzing Entity <Sumador_Medio> in library <work> (Architecture <behavioral>).
Entity <Sumador_Medio> analyzed. Unit <Sumador_Medio> generated.

Analyzing Entity <Sumador_Completo> in library <work> (Architecture <behavioral>).
Entity <Sumador_Completo> analyzed. Unit <Sumador_Completo> generated.


=========================================================================
*                           HDL Synthesis                               *
=========================================================================

Performing bidirectional port resolution...

Synthesizing Unit <Sumador_Medio>.
    Related source file is "C:/Users/fran/Desktop/Proyecto Alu/Proyecto Alu/ALU/SumadorMedio.vhd".
    Found 1-bit xor2 for signal <S>.
Unit <Sumador_Medio> synthesized.


Synthesizing Unit <Sumador_Completo>.
    Related source file is "C:/Users/fran/Desktop/Proyecto Alu/Proyecto Alu/ALU/SumadorCompleto.vhd".
    Found 1-bit xor2 for signal <S>.
    Found 1-bit xor2 for signal <Cout$xor0000> created at line 45.
Unit <Sumador_Completo> synthesized.


Synthesizing Unit <Sumador8bits>.
    Related source file is "C:/Users/fran/Desktop/Proyecto Alu/Proyecto Alu/ALU/Sumador8bits.vhd".
Unit <Sumador8bits> synthesized.


Synthesizing Unit <Ca2>.
    Related source file is "C:/Users/fran/Desktop/Proyecto Alu/Proyecto Alu/ALU/Ca2.vhd".
Unit <Ca2> synthesized.


Synthesizing Unit <Restador8bits>.
    Related source file is "C:/Users/fran/Desktop/Proyecto Alu/Proyecto Alu/ALU/Restador8bits.vhd".
Unit <Restador8bits> synthesized.


=========================================================================
HDL Synthesis Report

Macro Statistics
# Xors                                                 : 30
 1-bit xor2                                            : 30

=========================================================================

=========================================================================
*                       Advanced HDL Synthesis                          *
=========================================================================


=========================================================================
Advanced HDL Synthesis Report

Macro Statistics
# Xors                                                 : 30
 1-bit xor2                                            : 30

=========================================================================

=========================================================================
*                         Low Level Synthesis                           *
=========================================================================

Optimizing unit <Restador8bits> ...

Optimizing unit <Sumador8bits> ...

Optimizing unit <Ca2> ...

Mapping all equations...
Building and optimizing final netlist ...
Found area constraint ratio of 100 (+ 5) on block Restador8bits, actual ratio is 0.

Final Macro Processing ...

=========================================================================
Final Register Report

Found no macro
=========================================================================

=========================================================================
*                           Partition Report                            *
=========================================================================

Partition Implementation Status
-------------------------------

  No Partitions were found in this design.

-------------------------------

=========================================================================
*                            Final Report                               *
=========================================================================
Final Results
RTL Top Level Output File Name     : Restador8bits.ngr
Top Level Output File Name         : Restador8bits
Output Format                      : NGC
Optimization Goal                  : Speed
Keep Hierarchy                     : No

Design Statistics
# IOs                              : 25

Cell Usage :
# BELS                             : 21
#      LUT2                        : 2
#      LUT3                        : 5
#      LUT4                        : 14
# IO Buffers                       : 25
#      IBUF                        : 16
#      OBUF                        : 9
=========================================================================

Device utilization summary:
---------------------------

Selected Device : 3s500efg320-4 

 Number of Slices:                       12  out of   4656     0%  
 Number of 4 input LUTs:                 21  out of   9312     0%  
 Number of IOs:                          25
 Number of bonded IOBs:                  25  out of    232    10%  

---------------------------
Partition Resource Summary:
---------------------------

  No Partitions were found in this design.

---------------------------


=========================================================================
TIMING REPORT

NOTE: THESE TIMING NUMBERS ARE ONLY A SYNTHESIS ESTIMATE.
      FOR ACCURATE TIMING INFORMATION PLEASE REFER TO THE TRACE REPORT
      GENERATED AFTER PLACE-and-ROUTE.

Clock Information:
------------------
No clock signals found in this design

Asynchronous Control Signals Information:
----------------------------------------
No asynchronous control signals found in this design

Timing Summary:
---------------
Speed Grade: -4

   Minimum period: No path found
   Minimum input arrival time before clock: No path found
   Maximum output required time after clock: No path found
   Maximum combinational path delay: 13.746ns

Timing Detail:
--------------
All values displayed in nanoseconds (ns)

=========================================================================
Timing constraint: Default path analysis
  Total number of paths / destination ports: 192 / 9
-------------------------------------------------------------------------
Delay:               13.746ns (Levels of Logic = 9)
  Source:            B<0> (PAD)
  Destination:       Cout (PAD)

  Data Path: B<0> to Cout
                                Gate     Net
    Cell:in->out      fanout   Delay   Delay  Logical Name (Net Name)
    ----------------------------------------  ------------
     IBUF:I->O             6   1.218   0.844  B_0_IBUF (B_0_IBUF)
     LUT2:I0->O            3   0.704   0.610  Inst_Ca2/Inst_Sumador8bits/Inst_Sumador_Completo1/Cout1 (Inst_Ca2/Inst_Sumador8bits/Y)
     LUT4:I1->O            2   0.704   0.482  Inst_Sumador8bits/Inst_Sumador_Completo2/Cout1 (Inst_Sumador8bits/Z)
     LUT4:I2->O            2   0.704   0.482  Inst_Sumador8bits/Inst_Sumador_Completo3/Cout1 (Inst_Sumador8bits/W)
     LUT4:I2->O            2   0.704   0.482  Inst_Sumador8bits/Inst_Sumador_Completo4/Cout1 (Inst_Sumador8bits/P)
     LUT4:I2->O            2   0.704   0.482  Inst_Sumador8bits/Inst_Sumador_Completo5/Cout1 (Inst_Sumador8bits/U)
     LUT4:I2->O            2   0.704   0.526  Inst_Sumador8bits/Inst_Sumador_Completo6/Cout1 (Inst_Sumador8bits/V)
     LUT3:I1->O            1   0.704   0.420  Inst_Sumador8bits/Inst_Sumador_Completo7/Cout1 (Cout_OBUF)
     OBUF:I->O                 3.272          Cout_OBUF (Cout)
    ----------------------------------------
    Total                     13.746ns (9.418ns logic, 4.328ns route)
                                       (68.5% logic, 31.5% route)

=========================================================================


Total REAL time to Xst completion: 9.00 secs
Total CPU time to Xst completion: 9.03 secs
 
--> 

Total memory usage is 257196 kilobytes

Number of errors   :    0 (   0 filtered)
Number of warnings :    1 (   0 filtered)
Number of infos    :    0 (   0 filtered)

